<?xml version="1.0" encoding="UTF-8"?>
<!-- Generated by org.testng.reporters.JUnitReportReporter -->
<testsuite hostname="DESKTOP-PGT3DU5" failures="0" tests="1" name="workingWithTestNG.Hard_Assert" time="33.076" errors="0" timestamp="2024-05-25T12:30:31 IST" skipped="0">
  <testcase classname="workingWithTestNG.Hard_Assert" name="testCase" time="33.076"/>
  <system-out>
    <![CDATA[searching Selenium : Result Found]]>
  </system-out>
</testsuite> <!-- workingWithTestNG.Hard_Assert -->
